0 info it worked if it ends with ok
1 verbose cli [ '/usr/bin/nodejs', '/usr/bin/npm', 'install', 'pm2', '–g' ]
2 info using npm@3.10.8
3 info using node@v6.9.1
4 silly loadCurrentTree Starting
5 silly install loadCurrentTree
6 silly install readLocalPackageData
7 silly fetchPackageMetaData pm2
8 silly fetchPackageMetaData –g
9 silly fetchNamedPackageData pm2
10 silly mapToRegistry name pm2
11 silly mapToRegistry using default registry
12 silly mapToRegistry registry https://registry.npmjs.org/
13 silly mapToRegistry data Result {
13 silly mapToRegistry   raw: 'pm2',
13 silly mapToRegistry   scope: null,
13 silly mapToRegistry   escapedName: 'pm2',
13 silly mapToRegistry   name: 'pm2',
13 silly mapToRegistry   rawSpec: '',
13 silly mapToRegistry   spec: 'latest',
13 silly mapToRegistry   type: 'tag' }
14 silly mapToRegistry uri https://registry.npmjs.org/pm2
15 silly fetchOtherPackageData –g
16 silly cache add args [ '–g', null ]
17 verbose cache add spec –g
18 verbose request uri https://registry.npmjs.org/pm2
19 verbose request no auth needed
20 info attempt registry request try #1 at 1:57:58 PM
21 verbose request id 2aaf23042eef91c6
22 http request GET https://registry.npmjs.org/pm2
23 silly cache add parsed spec Result {
23 silly cache add   raw: '–g',
23 silly cache add   scope: null,
23 silly cache add   escapedName: null,
23 silly cache add   name: null,
23 silly cache add   rawSpec: '–g',
23 silly cache add   spec: '/home/tdt/tabtest/–g',
23 silly cache add   type: 'local' }
24 info retry will retry, error on last attempt: TypeError: The header content contains invalid characters
25 error addLocal Could not install /home/tdt/tabtest/–g
26 silly fetchPackageMetaData Error: ENOENT: no such file or directory, open '/home/tdt/tabtest/–g'
26 silly fetchPackageMetaData     at Error (native)
26 silly fetchPackageMetaData  error for –g { Error: ENOENT: no such file or directory, open '/home/tdt/tabtest/–g'
26 silly fetchPackageMetaData     at Error (native)
26 silly fetchPackageMetaData   errno: -2,
26 silly fetchPackageMetaData   code: 'ENOENT',
26 silly fetchPackageMetaData   syscall: 'open',
26 silly fetchPackageMetaData   path: '/home/tdt/tabtest/–g' }
27 info attempt registry request try #2 at 1:58:08 PM
28 http request GET https://registry.npmjs.org/pm2
29 info retry will retry, error on last attempt: TypeError: The header content contains invalid characters
30 info attempt registry request try #3 at 1:59:08 PM
31 http request GET https://registry.npmjs.org/pm2
32 silly fetchPackageMetaData TypeError: The header content contains invalid characters
32 silly fetchPackageMetaData     at ClientRequest.OutgoingMessage.setHeader (_http_outgoing.js:358:11)
32 silly fetchPackageMetaData     at new ClientRequest (_http_client.js:86:14)
32 silly fetchPackageMetaData     at Object.exports.request (http.js:31:10)
32 silly fetchPackageMetaData     at Object.exports.request (https.js:199:15)
32 silly fetchPackageMetaData     at Request.start (/usr/lib/node_modules/npm/node_modules/request/request.js:740:32)
32 silly fetchPackageMetaData     at Request.end (/usr/lib/node_modules/npm/node_modules/request/request.js:1394:10)
32 silly fetchPackageMetaData     at end (/usr/lib/node_modules/npm/node_modules/request/request.js:567:14)
32 silly fetchPackageMetaData     at Immediate.<anonymous> (/usr/lib/node_modules/npm/node_modules/request/request.js:581:7)
32 silly fetchPackageMetaData     at runCallback (timers.js:637:20)
32 silly fetchPackageMetaData     at tryOnImmediate (timers.js:610:5)
32 silly fetchPackageMetaData  error for pm2 TypeError: The header content contains invalid characters
32 silly fetchPackageMetaData     at ClientRequest.OutgoingMessage.setHeader (_http_outgoing.js:358:11)
32 silly fetchPackageMetaData     at new ClientRequest (_http_client.js:86:14)
32 silly fetchPackageMetaData     at Object.exports.request (http.js:31:10)
32 silly fetchPackageMetaData     at Object.exports.request (https.js:199:15)
32 silly fetchPackageMetaData     at Request.start (/usr/lib/node_modules/npm/node_modules/request/request.js:740:32)
32 silly fetchPackageMetaData     at Request.end (/usr/lib/node_modules/npm/node_modules/request/request.js:1394:10)
32 silly fetchPackageMetaData     at end (/usr/lib/node_modules/npm/node_modules/request/request.js:567:14)
32 silly fetchPackageMetaData     at Immediate.<anonymous> (/usr/lib/node_modules/npm/node_modules/request/request.js:581:7)
32 silly fetchPackageMetaData     at runCallback (timers.js:637:20)
32 silly fetchPackageMetaData     at tryOnImmediate (timers.js:610:5)
33 silly rollbackFailedOptional Starting
34 silly rollbackFailedOptional Finishing
35 silly runTopLevelLifecycles Finishing
36 silly install printInstalled
37 verbose stack Error: ENOENT: no such file or directory, open '/home/tdt/tabtest/–g'
37 verbose stack     at Error (native)
38 verbose cwd /home/tdt/tabtest
39 error Linux 4.4.0-21-generic
40 error argv "/usr/bin/nodejs" "/usr/bin/npm" "install" "pm2" "–g"
41 error node v6.9.1
42 error npm  v3.10.8
43 error path /home/tdt/tabtest/–g
44 error code ENOENT
45 error errno -2
46 error syscall open
47 error enoent ENOENT: no such file or directory, open '/home/tdt/tabtest/–g'
48 error enoent ENOENT: no such file or directory, open '/home/tdt/tabtest/–g'
48 error enoent This is most likely not a problem with npm itself
48 error enoent and is related to npm not being able to find a file.
49 verbose exit [ -2, true ]
